<?xml version="1.0" encoding="UTF-8"?>
<!-- Generated by org.testng.reporters.JUnitXMLReporter -->
<testsuite ignored="1" hostname="TL282" failures="0" tests="1" name="Default test" time="68.875" errors="0" timestamp="2025-03-24T16:26:31 IST">
  <testcase classname="MTMAutomation.DispatchTest.MTMDispatchTest" name="navigationBetweenTabs" time="8.532"/>
  <testcase classname="MTMAutomation.DispatchTest.MTMDispatchTest" name="verifyUserLogin" time="0.0">
    <ignored/>
  </testcase> <!-- verifyUserLogin -->
</testsuite> <!-- Default test -->
