<?xml version="1.0" encoding="UTF-8"?>
<!-- Generated by org.testng.reporters.JUnitXMLReporter -->
<testsuite ignored="6" hostname="TL513" failures="0" tests="1" name="Default test" time="45.653" errors="0" timestamp="2025-03-25T12:04:48 IST">
  <testcase classname="MTMAutomation.DispatchTest.MTMDispatchTest" name="verifyLYFTClear_TC_13" time="5.36"/>
  <testcase classname="MTMAutomation.DispatchTest.MTMDispatchTest" name="verifyRemarkCommentAdd_TC_18" time="0.0">
    <ignored/>
  </testcase> <!-- verifyRemarkCommentAdd_TC_18 -->
  <testcase classname="MTMAutomation.DispatchTest.MTMDispatchTest" name="verifyRemarkCloseIcon_TC_20" time="0.0">
    <ignored/>
  </testcase> <!-- verifyRemarkCloseIcon_TC_20 -->
  <testcase classname="MTMAutomation.DispatchTest.MTMDispatchTest" name="verifySignOut_TC_09" time="0.0">
    <ignored/>
  </testcase> <!-- verifySignOut_TC_09 -->
  <testcase classname="MTMAutomation.DispatchTest.MTMDispatchTest" name="verifyOLOSClear_TC_07" time="0.0">
    <ignored/>
  </testcase> <!-- verifyOLOSClear_TC_07 -->
  <testcase classname="MTMAutomation.DispatchTest.MTMDispatchTest" name="verifyLYFTSearchNoData_TC_12" time="0.0">
    <ignored/>
  </testcase> <!-- verifyLYFTSearchNoData_TC_12 -->
  <testcase classname="MTMAutomation.DispatchTest.MTMDispatchTest" name="verifyRemarkAddDialoguebox_TC_19" time="0.0">
    <ignored/>
  </testcase> <!-- verifyRemarkAddDialoguebox_TC_19 -->
</testsuite> <!-- Default test -->
