<?xml version="1.0" encoding="UTF-8"?>
<!-- Generated by org.testng.reporters.JUnitXMLReporter -->
<testsuite ignored="19" hostname="TL452" failures="0" tests="1" name="SmokeTests" time="262.065" errors="0" timestamp="2025-05-05T15:08:02 IST">
  <testcase classname="MTMAutomation.DispatchTest.MTMDispatchTest" name="ClearAllButtonFunctionality" time="184.005"/>
  <testcase classname="MTMAutomation.DispatchTest.MTMDispatchTest" name="verifyLYFTSearch_TC_05" time="0.0">
    <ignored/>
  </testcase> <!-- verifyLYFTSearch_TC_05 -->
  <testcase classname="MTMAutomation.DispatchTest.MTMDispatchTest" name="searchInAllColumnsFilter" time="0.0">
    <ignored/>
  </testcase> <!-- searchInAllColumnsFilter -->
  <testcase classname="MTMAutomation.DispatchTest.MTMDispatchTest" name="verifyTabsOnHomePage" time="0.0">
    <ignored/>
  </testcase> <!-- verifyTabsOnHomePage -->
  <testcase classname="MTMAutomation.DispatchTest.MTMDispatchTest" name="verifyLYFTSearchNoData_TC_12" time="0.0">
    <ignored/>
  </testcase> <!-- verifyLYFTSearchNoData_TC_12 -->
  <testcase classname="MTMAutomation.DispatchTest.MTMDispatchTest" name="verifyAllColumnsVisible" time="0.0">
    <ignored/>
  </testcase> <!-- verifyAllColumnsVisible -->
  <testcase classname="MTMAutomation.DispatchTest.MTMDispatchTest" name="verifyOLOSSearch_TC_08" time="0.0">
    <ignored/>
  </testcase> <!-- verifyOLOSSearch_TC_08 -->
  <testcase classname="MTMAutomation.DispatchTest.MTMDispatchTest" name="navigationBetweenTabs" time="0.0">
    <ignored/>
  </testcase> <!-- navigationBetweenTabs -->
  <testcase classname="MTMAutomation.DispatchTest.MTMDispatchTest" name="verifySignOut_TC_09" time="0.0">
    <ignored/>
  </testcase> <!-- verifySignOut_TC_09 -->
  <testcase classname="MTMAutomation.DispatchTest.MTMDispatchTest" name="verifyRemarkCommentAdd_TC_18" time="0.0">
    <ignored/>
  </testcase> <!-- verifyRemarkCommentAdd_TC_18 -->
  <testcase classname="MTMAutomation.DispatchTest.MTMDispatchTest" name="verfiyLocationOfTheTips" time="0.0">
    <ignored/>
  </testcase> <!-- verfiyLocationOfTheTips -->
  <testcase classname="MTMAutomation.DispatchTest.MTMDispatchTest" name="verifyLYFTClear_TC_13" time="0.0">
    <ignored/>
  </testcase> <!-- verifyLYFTClear_TC_13 -->
  <testcase classname="MTMAutomation.DispatchTest.MTMDispatchTest" name="verifyUserLogin_TC_01" time="0.0">
    <ignored/>
  </testcase> <!-- verifyUserLogin_TC_01 -->
  <testcase classname="MTMAutomation.DispatchTest.MTMDispatchTest" name="verifyTripReasonsFilter" time="0.0">
    <ignored/>
  </testcase> <!-- verifyTripReasonsFilter -->
  <testcase classname="MTMAutomation.DispatchTest.MTMDispatchTest" name="verifyStatusFilter" time="0.0">
    <ignored/>
  </testcase> <!-- verifyStatusFilter -->
  <testcase classname="MTMAutomation.DispatchTest.MTMDispatchTest" name="verifyTimeFrameFilter" time="0.0">
    <ignored/>
  </testcase> <!-- verifyTimeFrameFilter -->
  <testcase classname="MTMAutomation.DispatchTest.MTMDispatchTest" name="verifyRemarkAddDialoguebox_TC_19" time="0.0">
    <ignored/>
  </testcase> <!-- verifyRemarkAddDialoguebox_TC_19 -->
  <testcase classname="MTMAutomation.DispatchTest.MTMDispatchTest" name="verifyOLOSClear_TC_07" time="0.0">
    <ignored/>
  </testcase> <!-- verifyOLOSClear_TC_07 -->
  <testcase classname="MTMAutomation.DispatchTest.MTMDispatchTest" name="verifyRemarkCloseIcon_TC_20" time="0.0">
    <ignored/>
  </testcase> <!-- verifyRemarkCloseIcon_TC_20 -->
  <testcase classname="MTMAutomation.DispatchTest.MTMDispatchTest" name="verifyRecordSelection" time="0.0">
    <ignored/>
  </testcase> <!-- verifyRecordSelection -->
</testsuite> <!-- SmokeTests -->
