<?xml version="1.0" encoding="UTF-8"?>
<testng-results ignored="0" total="1" passed="1" failed="0" skipped="0">
  <reporter-output>
  </reporter-output>
  <suite started-at="2025-04-01T18:43:53 IST" name="Default suite" finished-at="2025-04-01T18:46:32 IST" duration-ms="158986">
    <groups>
    </groups>
    <test started-at="2025-04-01T18:43:53 IST" name="Default test" finished-at="2025-04-01T18:46:32 IST" duration-ms="158986">
      <class name="MTMAutomation.DispatchTest.MTMDispatchTest">
        <test-method is-config="true" signature="setup(java.lang.String)[pri:0, instance:MTMAutomation.DispatchTest.MTMDispatchTest@27eedb64]" started-at="2025-04-01T18:43:53 IST" name="setup" finished-at="2025-04-01T18:43:56 IST" duration-ms="3048" status="PASS">
          <params>
            <param index="0">
              <value>
                <![CDATA[chrome]]>
              </value>
            </param>
          </params>
          <reporter-output>
          </reporter-output>
        </test-method> <!-- setup -->
        <test-method is-config="true" signature="setup()[pri:0, instance:MTMAutomation.DispatchTest.MTMDispatchTest@27eedb64]" started-at="2025-04-01T18:43:56 IST" name="setup" finished-at="2025-04-01T18:45:35 IST" duration-ms="98902" status="PASS">
          <reporter-output>
          </reporter-output>
        </test-method> <!-- setup -->
        <test-method signature="toVerifyTimeFrameFilter()[pri:0, instance:MTMAutomation.DispatchTest.MTMDispatchTest@27eedb64]" started-at="2025-04-01T18:45:35 IST" name="toVerifyTimeFrameFilter" finished-at="2025-04-01T18:46:32 IST" duration-ms="56307" status="PASS">
          <reporter-output>
          </reporter-output>
        </test-method> <!-- toVerifyTimeFrameFilter -->
        <test-method is-config="true" signature="tearDown()[pri:0, instance:MTMAutomation.DispatchTest.MTMDispatchTest@27eedb64]" started-at="2025-04-01T18:46:32 IST" name="tearDown" finished-at="2025-04-01T18:46:32 IST" duration-ms="665" status="PASS">
          <reporter-output>
          </reporter-output>
        </test-method> <!-- tearDown -->
      </class> <!-- MTMAutomation.DispatchTest.MTMDispatchTest -->
    </test> <!-- Default test -->
  </suite> <!-- Default suite -->
</testng-results>
